<?xml version="1.0" encoding="UTF-8"?>
<testng-results ignored="0" total="1" passed="1" failed="0" skipped="0">
  <reporter-output>
  </reporter-output>
  <suite started-at="2022-10-04T13:27:04Z" name="test.LoginTest" finished-at="2022-10-04T13:27:08Z" duration-ms="3936">
    <groups>
    </groups>
    <test started-at="2022-10-04T13:27:04Z" name="Command line test" finished-at="2022-10-04T13:27:08Z" duration-ms="3936">
      <class name="test.LoginTest">
        <test-method signature="validUserShouldBeAbleToLogin()[pri:0, instance:test.LoginTest@60d8c9b7]" started-at="2022-10-04T13:27:04Z" name="validUserShouldBeAbleToLogin" finished-at="2022-10-04T13:27:08Z" duration-ms="3904" status="PASS">
          <reporter-output>
          </reporter-output>
        </test-method> <!-- validUserShouldBeAbleToLogin -->
      </class> <!-- test.LoginTest -->
    </test> <!-- Command line test -->
  </suite> <!-- test.LoginTest -->
</testng-results>
