<?xml version="1.0" encoding="UTF-8"?>
<testng-results ignored="0" total="1" passed="1" failed="0" skipped="0">
  <reporter-output>
  </reporter-output>
  <suite started-at="2022-10-06T01:16:38 CDT" name="Default suite" finished-at="2022-10-06T01:16:56 CDT" duration-ms="17775">
    <groups>
    </groups>
    <test started-at="2022-10-06T01:16:38 CDT" name="Default test" finished-at="2022-10-06T01:16:56 CDT" duration-ms="17775">
      <class name="test.AddCustomerTest">
        <test-method signature="validUserShouldBeAbleToLogin()[pri:0, instance:test.AddCustomerTest@68c72235]" started-at="2022-10-06T01:16:38 CDT" name="validUserShouldBeAbleToLogin" finished-at="2022-10-06T01:16:56 CDT" duration-ms="17730" status="PASS">
          <reporter-output>
          </reporter-output>
        </test-method> <!-- validUserShouldBeAbleToLogin -->
      </class> <!-- test.AddCustomerTest -->
    </test> <!-- Default test -->
  </suite> <!-- Default suite -->
</testng-results>
